# JRE version: Java(TM) SE Runtime Environment (7.0_79-b15) (build 1.7.0_79-b15)
# Java VM: Java HotSpot(TM) 64-Bit Server VM (24.79-b02 mixed mode windows-amd64 compressed oops)
Heap
 PSYoungGen      total 227328K, used 103104K [0x00000000eaa80000, 0x00000000ff400000, 0x0000000100000000)
  eden space 123392K, 64% used [0x00000000eaa80000,0x00000000ef8192c8,0x00000000f2300000)
  from space 103936K, 22% used [0x00000000f8e80000,0x00000000fa596e88,0x00000000ff400000)
  to   space 107008K, 0% used [0x00000000f2300000,0x00000000f2300000,0x00000000f8b80000)
 ParOldGen       total 394240K, used 236635K [0x00000000c0000000, 0x00000000d8100000, 0x00000000eaa80000)
  object space 394240K, 60% used [0x00000000c0000000,0x00000000ce716cc8,0x00000000d8100000)
 PSPermGen       total 21504K, used 6070K [0x00000000bae00000, 0x00000000bc300000, 0x00000000c0000000)
  object space 21504K, 28% used [0x00000000bae00000,0x00000000bb3ed8c0,0x00000000bc300000)
GC Heap History (10 events):
Event: 19.411 GC heap before
{Heap before GC invocations=14 (full 3):
 PSYoungGen      total 238592K, used 55197K [0x00000000eaa80000, 0x0000000100000000, 0x0000000100000000)
  eden space 127488K, 0% used [0x00000000eaa80000,0x00000000eaa80000,0x00000000f2700000)
  from space 111104K, 49% used [0x00000000f2700000,0x00000000f5ce7498,0x00000000f9380000)
  to   space 110080K, 0% used [0x00000000f9480000,0x00000000f9480000,0x0000000100000000)
 ParOldGen       total 237056K, used 236922K [0x00000000c0000000, 0x00000000ce780000, 0x00000000eaa80000)
  object space 237056K, 99% used [0x00000000c0000000,0x00000000ce75ebc8,0x00000000ce780000)
 PSPermGen       total 21504K, used 6041K [0x00000000bae00000, 0x00000000bc300000, 0x00000000c0000000)
  object space 21504K, 28% used [0x00000000bae00000,0x00000000bb3e6688,0x00000000bc300000)
Event: 21.705 GC heap after
Heap after GC invocations=14 (full 3):
 PSYoungGen      total 238592K, used 0K [0x00000000eaa80000, 0x0000000100000000, 0x0000000100000000)
  eden space 127488K, 0% used [0x00000000eaa80000,0x00000000eaa80000,0x00000000f2700000)
  from space 111104K, 0% used [0x00000000f2700000,0x00000000f2700000,0x00000000f9380000)
  to   space 110080K, 0% used [0x00000000f9480000,0x00000000f9480000,0x0000000100000000)
 ParOldGen       total 239104K, used 118403K [0x00000000c0000000, 0x00000000ce980000, 0x00000000eaa80000)
  object space 239104K, 49% used [0x00000000c0000000,0x00000000c73a0ce8,0x00000000ce980000)
 PSPermGen       total 21504K, used 6041K [0x00000000bae00000, 0x00000000bc300000, 0x00000000c0000000)
  object space 21504K, 28% used [0x00000000bae00000,0x00000000bb3e6628,0x00000000bc300000)
}
Event: 22.070 GC heap before
{Heap before GC invocations=15 (full 3):
 PSYoungGen      total 238592K, used 127488K [0x00000000eaa80000, 0x0000000100000000, 0x0000000100000000)
  eden space 127488K, 100% used [0x00000000eaa80000,0x00000000f2700000,0x00000000f2700000)
  from space 111104K, 0% used [0x00000000f2700000,0x00000000f2700000,0x00000000f9380000)
  to   space 110080K, 0% used [0x00000000f9480000,0x00000000f9480000,0x0000000100000000)
 ParOldGen       total 239104K, used 118403K [0x00000000c0000000, 0x00000000ce980000, 0x00000000eaa80000)
  object space 239104K, 49% used [0x00000000c0000000,0x00000000c73a0ce8,0x00000000ce980000)
 PSPermGen       total 21504K, used 6041K [0x00000000bae00000, 0x00000000bc300000, 0x00000000c0000000)
  object space 21504K, 28% used [0x00000000bae00000,0x00000000bb3e6628,0x00000000bc300000)
Event: 22.224 GC heap after
Heap after GC invocations=15 (full 3):
 PSYoungGen      total 227328K, used 75830K [0x00000000eaa80000, 0x0000000100000000, 0x0000000100000000)
  eden space 117248K, 0% used [0x00000000eaa80000,0x00000000eaa80000,0x00000000f1d00000)
  from space 110080K, 68% used [0x00000000f9480000,0x00000000fde8da68,0x0000000100000000)
  to   space 116224K, 0% used [0x00000000f1d00000,0x00000000f1d00000,0x00000000f8e80000)
 ParOldGen       total 239104K, used 118403K [0x00000000c0000000, 0x00000000ce980000, 0x00000000eaa80000)
  object space 239104K, 49% used [0x00000000c0000000,0x00000000c73a0ce8,0x00000000ce980000)
 PSPermGen       total 21504K, used 6041K [0x00000000bae00000, 0x00000000bc300000, 0x00000000c0000000)
  object space 21504K, 28% used [0x00000000bae00000,0x00000000bb3e6628,0x00000000bc300000)
}
Event: 22.797 GC heap before
{Heap before GC invocations=16 (full 3):
 PSYoungGen      total 227328K, used 193078K [0x00000000eaa80000, 0x0000000100000000, 0x0000000100000000)
  eden space 117248K, 100% used [0x00000000eaa80000,0x00000000f1d00000,0x00000000f1d00000)
  from space 110080K, 68% used [0x00000000f9480000,0x00000000fde8da68,0x0000000100000000)
  to   space 116224K, 0% used [0x00000000f1d00000,0x00000000f1d00000,0x00000000f8e80000)
 ParOldGen       total 239104K, used 118403K [0x00000000c0000000, 0x00000000ce980000, 0x00000000eaa80000)
  object space 239104K, 49% used [0x00000000c0000000,0x00000000c73a0ce8,0x00000000ce980000)
 PSPermGen       total 21504K, used 6043K [0x00000000bae00000, 0x00000000bc300000, 0x00000000c0000000)
  object space 21504K, 28% used [0x00000000bae00000,0x00000000bb3e6dc8,0x00000000bc300000)
Event: 22.981 GC heap after
Heap after GC invocations=16 (full 3):
 PSYoungGen      total 233472K, used 45504K [0x00000000eaa80000, 0x00000000ffa00000, 0x0000000100000000)
  eden space 117248K, 0% used [0x00000000eaa80000,0x00000000eaa80000,0x00000000f1d00000)
  from space 116224K, 39% used [0x00000000f1d00000,0x00000000f4970388,0x00000000f8e80000)
  to   space 110080K, 0% used [0x00000000f8e80000,0x00000000f8e80000,0x00000000ffa00000)
 ParOldGen       total 239104K, used 197833K [0x00000000c0000000, 0x00000000ce980000, 0x00000000eaa80000)
  object space 239104K, 82% used [0x00000000c0000000,0x00000000cc132750,0x00000000ce980000)
 PSPermGen       total 21504K, used 6043K [0x00000000bae00000, 0x00000000bc300000, 0x00000000c0000000)
  object space 21504K, 28% used [0x00000000bae00000,0x00000000bb3e6dc8,0x00000000bc300000)
}
Event: 22.981 GC heap before
{Heap before GC invocations=17 (full 4):
 PSYoungGen      total 233472K, used 45504K [0x00000000eaa80000, 0x00000000ffa00000, 0x0000000100000000)
  eden space 117248K, 0% used [0x00000000eaa80000,0x00000000eaa80000,0x00000000f1d00000)
  from space 116224K, 39% used [0x00000000f1d00000,0x00000000f4970388,0x00000000f8e80000)
  to   space 110080K, 0% used [0x00000000f8e80000,0x00000000f8e80000,0x00000000ffa00000)
 ParOldGen       total 239104K, used 197833K [0x00000000c0000000, 0x00000000ce980000, 0x00000000eaa80000)
  object space 239104K, 82% used [0x00000000c0000000,0x00000000cc132750,0x00000000ce980000)
 PSPermGen       total 21504K, used 6043K [0x00000000bae00000, 0x00000000bc300000, 0x00000000c0000000)
  object space 21504K, 28% used [0x00000000bae00000,0x00000000bb3e6dc8,0x00000000bc300000)
Event: 25.230 GC heap after
Heap after GC invocations=17 (full 4):
 PSYoungGen      total 233472K, used 0K [0x00000000eaa80000, 0x00000000ffa00000, 0x0000000100000000)
  eden space 117248K, 0% used [0x00000000eaa80000,0x00000000eaa80000,0x00000000f1d00000)
  from space 116224K, 0% used [0x00000000f1d00000,0x00000000f1d00000,0x00000000f8e80000)
  to   space 110080K, 0% used [0x00000000f8e80000,0x00000000f8e80000,0x00000000ffa00000)
 ParOldGen       total 394240K, used 236635K [0x00000000c0000000, 0x00000000d8100000, 0x00000000eaa80000)
  object space 394240K, 60% used [0x00000000c0000000,0x00000000ce716cc8,0x00000000d8100000)
 PSPermGen       total 21504K, used 6043K [0x00000000bae00000, 0x00000000bc300000, 0x00000000c0000000)
  object space 21504K, 28% used [0x00000000bae00000,0x00000000bb3e6dc8,0x00000000bc300000)
}
Event: 25.890 GC heap before
{Heap before GC invocations=18 (full 4):
 PSYoungGen      total 233472K, used 117248K [0x00000000eaa80000, 0x00000000ffa00000, 0x0000000100000000)
  eden space 117248K, 100% used [0x00000000eaa80000,0x00000000f1d00000,0x00000000f1d00000)
  from space 116224K, 0% used [0x00000000f1d00000,0x00000000f1d00000,0x00000000f8e80000)
  to   space 110080K, 0% used [0x00000000f8e80000,0x00000000f8e80000,0x00000000ffa00000)
 ParOldGen       total 394240K, used 236635K [0x00000000c0000000, 0x00000000d8100000, 0x00000000eaa80000)
  object space 394240K, 60% used [0x00000000c0000000,0x00000000ce716cc8,0x00000000d8100000)
 PSPermGen       total 21504K, used 6055K [0x00000000bae00000, 0x00000000bc300000, 0x00000000c0000000)
  object space 21504K, 28% used [0x00000000bae00000,0x00000000bb3e9c68,0x00000000bc300000)
Event: 26.068 GC heap after
Heap after GC invocations=18 (full 4):
 PSYoungGen      total 227328K, used 23643K [0x00000000eaa80000, 0x00000000ff400000, 0x0000000100000000)
  eden space 123392K, 0% used [0x00000000eaa80000,0x00000000eaa80000,0x00000000f2300000)
  from space 103936K, 22% used [0x00000000f8e80000,0x00000000fa596e88,0x00000000ff400000)
  to   space 107008K, 0% used [0x00000000f2300000,0x00000000f2300000,0x00000000f8b80000)
 ParOldGen       total 394240K, used 236635K [0x00000000c0000000, 0x00000000d8100000, 0x00000000eaa80000)
  object space 394240K, 60% used [0x00000000c0000000,0x00000000ce716cc8,0x00000000d8100000)
 PSPermGen       total 21504K, used 6055K [0x00000000bae00000, 0x00000000bc300000, 0x00000000c0000000)
  object space 21504K, 28% used [0x00000000bae00000,0x00000000bb3e9c68,0x00000000bc300000)
}

