# JRE version: Java(TM) SE Runtime Environment (7.0_79-b15) (build 1.7.0_79-b15)
# Java VM: Java HotSpot(TM) 64-Bit Server VM (24.79-b02 mixed mode windows-amd64 compressed oops)
Heap
 PSYoungGen      total 74752K, used 25500K [0x00000000eaa80000, 0x00000000f0080000, 0x0000000100000000)
  eden space 64512K, 39% used [0x00000000eaa80000,0x00000000ec367058,0x00000000ee980000)
  from space 10240K, 0% used [0x00000000ef480000,0x00000000ef480000,0x00000000efe80000)
  to   space 11264K, 0% used [0x00000000ee980000,0x00000000ee980000,0x00000000ef480000)
 ParOldGen       total 74240K, used 38054K [0x00000000c0000000, 0x00000000c4880000, 0x00000000eaa80000)
  object space 74240K, 51% used [0x00000000c0000000,0x00000000c2529a98,0x00000000c4880000)
 PSPermGen       total 21504K, used 6047K [0x00000000bae00000, 0x00000000bc300000, 0x00000000c0000000)
  object space 21504K, 28% used [0x00000000bae00000,0x00000000bb3e7dc0,0x00000000bc300000)
GC Heap History (10 events):
Event: 3.966 GC heap before
{Heap before GC invocations=5 (full 0):
 PSYoungGen      total 35328K, used 35307K [0x00000000eaa80000, 0x00000000ecf80000, 0x0000000100000000)
  eden space 32768K, 100% used [0x00000000eaa80000,0x00000000eca80000,0x00000000eca80000)
  from space 2560K, 99% used [0x00000000ecd00000,0x00000000ecf7af68,0x00000000ecf80000)
  to   space 2560K, 0% used [0x00000000eca80000,0x00000000eca80000,0x00000000ecd00000)
 ParOldGen       total 42496K, used 7368K [0x00000000c0000000, 0x00000000c2980000, 0x00000000eaa80000)
  object space 42496K, 17% used [0x00000000c0000000,0x00000000c07322a0,0x00000000c2980000)
 PSPermGen       total 21504K, used 5957K [0x00000000bae00000, 0x00000000bc300000, 0x00000000c0000000)
  object space 21504K, 27% used [0x00000000bae00000,0x00000000bb3d1470,0x00000000bc300000)
Event: 3.987 GC heap after
Heap after GC invocations=5 (full 0):
 PSYoungGen      total 35328K, used 2539K [0x00000000eaa80000, 0x00000000efe80000, 0x0000000100000000)
  eden space 32768K, 0% used [0x00000000eaa80000,0x00000000eaa80000,0x00000000eca80000)
  from space 2560K, 99% used [0x00000000eca80000,0x00000000eccfaf68,0x00000000ecd00000)
  to   space 10240K, 0% used [0x00000000ef480000,0x00000000ef480000,0x00000000efe80000)
 ParOldGen       total 42496K, used 13891K [0x00000000c0000000, 0x00000000c2980000, 0x00000000eaa80000)
  object space 42496K, 32% used [0x00000000c0000000,0x00000000c0d90f98,0x00000000c2980000)
 PSPermGen       total 21504K, used 5957K [0x00000000bae00000, 0x00000000bc300000, 0x00000000c0000000)
  object space 21504K, 27% used [0x00000000bae00000,0x00000000bb3d1470,0x00000000bc300000)
}
Event: 4.602 GC heap before
{Heap before GC invocations=6 (full 0):
 PSYoungGen      total 35328K, used 35307K [0x00000000eaa80000, 0x00000000efe80000, 0x0000000100000000)
  eden space 32768K, 100% used [0x00000000eaa80000,0x00000000eca80000,0x00000000eca80000)
  from space 2560K, 99% used [0x00000000eca80000,0x00000000eccfaf68,0x00000000ecd00000)
  to   space 10240K, 0% used [0x00000000ef480000,0x00000000ef480000,0x00000000efe80000)
 ParOldGen       total 42496K, used 13891K [0x00000000c0000000, 0x00000000c2980000, 0x00000000eaa80000)
  object space 42496K, 32% used [0x00000000c0000000,0x00000000c0d90f98,0x00000000c2980000)
 PSPermGen       total 21504K, used 5972K [0x00000000bae00000, 0x00000000bc300000, 0x00000000c0000000)
  object space 21504K, 27% used [0x00000000bae00000,0x00000000bb3d5398,0x00000000bc300000)
Event: 4.650 GC heap after
Heap after GC invocations=6 (full 0):
 PSYoungGen      total 74752K, used 8555K [0x00000000eaa80000, 0x00000000f0080000, 0x0000000100000000)
  eden space 64512K, 0% used [0x00000000eaa80000,0x00000000eaa80000,0x00000000ee980000)
  from space 10240K, 83% used [0x00000000ef480000,0x00000000efcdaf78,0x00000000efe80000)
  to   space 11264K, 0% used [0x00000000ee980000,0x00000000ee980000,0x00000000ef480000)
 ParOldGen       total 42496K, used 13891K [0x00000000c0000000, 0x00000000c2980000, 0x00000000eaa80000)
  object space 42496K, 32% used [0x00000000c0000000,0x00000000c0d90f98,0x00000000c2980000)
 PSPermGen       total 21504K, used 5972K [0x00000000bae00000, 0x00000000bc300000, 0x00000000c0000000)
  object space 21504K, 27% used [0x00000000bae00000,0x00000000bb3d5398,0x00000000bc300000)
}
Event: 5.255 GC heap before
{Heap before GC invocations=7 (full 0):
 PSYoungGen      total 74752K, used 73067K [0x00000000eaa80000, 0x00000000f0080000, 0x0000000100000000)
  eden space 64512K, 100% used [0x00000000eaa80000,0x00000000ee980000,0x00000000ee980000)
  from space 10240K, 83% used [0x00000000ef480000,0x00000000efcdaf78,0x00000000efe80000)
  to   space 11264K, 0% used [0x00000000ee980000,0x00000000ee980000,0x00000000ef480000)
 ParOldGen       total 42496K, used 13891K [0x00000000c0000000, 0x00000000c2980000, 0x00000000eaa80000)
  object space 42496K, 32% used [0x00000000c0000000,0x00000000c0d90f98,0x00000000c2980000)
 PSPermGen       total 21504K, used 6016K [0x00000000bae00000, 0x00000000bc300000, 0x00000000c0000000)
  object space 21504K, 27% used [0x00000000bae00000,0x00000000bb3e0358,0x00000000bc300000)
Event: 5.291 GC heap after
Heap after GC invocations=7 (full 0):
 PSYoungGen      total 75776K, used 11258K [0x00000000eaa80000, 0x00000000f0080000, 0x0000000100000000)
  eden space 64512K, 0% used [0x00000000eaa80000,0x00000000eaa80000,0x00000000ee980000)
  from space 11264K, 99% used [0x00000000ee980000,0x00000000ef47e960,0x00000000ef480000)
  to   space 10240K, 0% used [0x00000000ef480000,0x00000000ef480000,0x00000000efe80000)
 ParOldGen       total 42496K, used 21106K [0x00000000c0000000, 0x00000000c2980000, 0x00000000eaa80000)
  object space 42496K, 49% used [0x00000000c0000000,0x00000000c149c980,0x00000000c2980000)
 PSPermGen       total 21504K, used 6016K [0x00000000bae00000, 0x00000000bc300000, 0x00000000c0000000)
  object space 21504K, 27% used [0x00000000bae00000,0x00000000bb3e0358,0x00000000bc300000)
}
Event: 5.701 GC heap before
{Heap before GC invocations=8 (full 0):
 PSYoungGen      total 75776K, used 75770K [0x00000000eaa80000, 0x00000000f0080000, 0x0000000100000000)
  eden space 64512K, 100% used [0x00000000eaa80000,0x00000000ee980000,0x00000000ee980000)
  from space 11264K, 99% used [0x00000000ee980000,0x00000000ef47e960,0x00000000ef480000)
  to   space 10240K, 0% used [0x00000000ef480000,0x00000000ef480000,0x00000000efe80000)
 ParOldGen       total 42496K, used 21106K [0x00000000c0000000, 0x00000000c2980000, 0x00000000eaa80000)
  object space 42496K, 49% used [0x00000000c0000000,0x00000000c149c980,0x00000000c2980000)
 PSPermGen       total 21504K, used 6035K [0x00000000bae00000, 0x00000000bc300000, 0x00000000c0000000)
  object space 21504K, 28% used [0x00000000bae00000,0x00000000bb3e4c10,0x00000000bc300000)
Event: 5.751 GC heap after
Heap after GC invocations=8 (full 0):
 PSYoungGen      total 74752K, used 10224K [0x00000000eaa80000, 0x00000000f0080000, 0x0000000100000000)
  eden space 64512K, 0% used [0x00000000eaa80000,0x00000000eaa80000,0x00000000ee980000)
  from space 10240K, 99% used [0x00000000ef480000,0x00000000efe7c030,0x00000000efe80000)
  to   space 11264K, 0% used [0x00000000ee980000,0x00000000ee980000,0x00000000ef480000)
 ParOldGen       total 42496K, used 32426K [0x00000000c0000000, 0x00000000c2980000, 0x00000000eaa80000)
  object space 42496K, 76% used [0x00000000c0000000,0x00000000c1faab58,0x00000000c2980000)
 PSPermGen       total 21504K, used 6035K [0x00000000bae00000, 0x00000000bc300000, 0x00000000c0000000)
  object space 21504K, 28% used [0x00000000bae00000,0x00000000bb3e4c10,0x00000000bc300000)
}
Event: 5.752 GC heap before
{Heap before GC invocations=9 (full 1):
 PSYoungGen      total 74752K, used 10224K [0x00000000eaa80000, 0x00000000f0080000, 0x0000000100000000)
  eden space 64512K, 0% used [0x00000000eaa80000,0x00000000eaa80000,0x00000000ee980000)
  from space 10240K, 99% used [0x00000000ef480000,0x00000000efe7c030,0x00000000efe80000)
  to   space 11264K, 0% used [0x00000000ee980000,0x00000000ee980000,0x00000000ef480000)
 ParOldGen       total 42496K, used 32426K [0x00000000c0000000, 0x00000000c2980000, 0x00000000eaa80000)
  object space 42496K, 76% used [0x00000000c0000000,0x00000000c1faab58,0x00000000c2980000)
 PSPermGen       total 21504K, used 6035K [0x00000000bae00000, 0x00000000bc300000, 0x00000000c0000000)
  object space 21504K, 28% used [0x00000000bae00000,0x00000000bb3e4c10,0x00000000bc300000)
Event: 6.178 GC heap after
Heap after GC invocations=9 (full 1):
 PSYoungGen      total 74752K, used 0K [0x00000000eaa80000, 0x00000000f0080000, 0x0000000100000000)
  eden space 64512K, 0% used [0x00000000eaa80000,0x00000000eaa80000,0x00000000ee980000)
  from space 10240K, 0% used [0x00000000ef480000,0x00000000ef480000,0x00000000efe80000)
  to   space 11264K, 0% used [0x00000000ee980000,0x00000000ee980000,0x00000000ef480000)
 ParOldGen       total 74240K, used 38054K [0x00000000c0000000, 0x00000000c4880000, 0x00000000eaa80000)
  object space 74240K, 51% used [0x00000000c0000000,0x00000000c2529a98,0x00000000c4880000)
 PSPermGen       total 21504K, used 6029K [0x00000000bae00000, 0x00000000bc300000, 0x00000000c0000000)
  object space 21504K, 28% used [0x00000000bae00000,0x00000000bb3e3510,0x00000000bc300000)
}

